2023-04-11 07:00:48.694 WARN  com.zaxxer.hikari.pool.HikariPool - HikariPool-1 - Thread starvation or clock leap detected (housekeeper delta=17h59m11s620ms255µs100ns).
2023-04-11 08:27:01.238 WARN  com.zaxxer.hikari.pool.HikariPool - HikariPool-1 - Thread starvation or clock leap detected (housekeeper delta=55m11s953ms116µs100ns).
2023-04-11 08:39:25.228 WARN  com.zaxxer.hikari.pool.HikariPool - HikariPool-1 - Thread starvation or clock leap detected (housekeeper delta=2m23s794ms221µs).
2023-04-11 08:51:42.146 INFO  c.I.I.Service.StudentService - Created student with id: 454
2023-04-11 08:51:42.207 INFO  c.I.I.Service.StudentService - updated student with id: 454
2023-04-11 09:02:19.090 INFO  c.I.I.Service.StudentService - Getting all student
2023-04-11 09:02:34.227 INFO  c.I.I.Service.StudentService - get student with id: 454
2023-04-11 09:21:31.103 INFO  c.I.I.Service.StudentService - Getting all student
2023-04-11 09:21:34.008 INFO  c.I.I.Service.StudentService - Getting all student
2023-04-11 09:23:32.073 INFO  c.I.I.Service.StudentService - Created student with id: 455
2023-04-11 09:37:20.173 INFO  c.I.I.Service.StudentService - Getting all student
2023-04-11 09:38:34.543 INFO  o.h.validator.internal.util.Version - HV000001: Hibernate Validator 8.0.0.Final
2023-04-11 09:38:34.596 INFO  c.I.I.ImShibernateApplication - Starting ImShibernateApplication using Java 17.0.2 with PID 13480 (C:\Users\LAP-10\Documents\IMSwithImage\IMShibernate\target\classes started by LAP-10 in C:\Users\LAP-10\Documents\IMSwithImage\IMShibernate)
2023-04-11 09:38:34.597 INFO  c.I.I.ImShibernateApplication - No active profile set, falling back to 1 default profile: "default"
2023-04-11 09:38:35.631 INFO  o.s.d.r.c.RepositoryConfigurationDelegate - Bootstrapping Spring Data JPA repositories in DEFAULT mode.
2023-04-11 09:38:35.715 INFO  o.s.d.r.c.RepositoryConfigurationDelegate - Finished Spring Data repository scanning in 74 ms. Found 3 JPA repository interfaces.
2023-04-11 09:38:36.401 INFO  o.s.b.w.e.tomcat.TomcatWebServer - Tomcat initialized with port(s): 8080 (http)
2023-04-11 09:38:36.412 INFO  o.a.coyote.http11.Http11NioProtocol - Initializing ProtocolHandler ["http-nio-8080"]
2023-04-11 09:38:36.413 INFO  o.a.catalina.core.StandardService - Starting service [Tomcat]
2023-04-11 09:38:36.413 INFO  o.a.catalina.core.StandardEngine - Starting Servlet engine: [Apache Tomcat/10.1.7]
2023-04-11 09:38:36.522 INFO  o.a.c.c.C.[Tomcat].[localhost].[/] - Initializing Spring embedded WebApplicationContext
2023-04-11 09:38:36.524 INFO  o.s.b.w.s.c.ServletWebServerApplicationContext - Root WebApplicationContext: initialization completed in 1862 ms
2023-04-11 09:38:36.737 INFO  o.h.jpa.internal.util.LogHelper - HHH000204: Processing PersistenceUnitInfo [name: default]
2023-04-11 09:38:36.813 INFO  org.hibernate.Version - HHH000412: Hibernate ORM core version 6.1.7.Final
2023-04-11 09:38:37.024 WARN  org.hibernate.orm.deprecation - HHH90000021: Encountered deprecated setting [javax.persistence.validation.mode], use [jakarta.persistence.validation.mode] instead
2023-04-11 09:38:37.171 INFO  com.zaxxer.hikari.HikariDataSource - HikariPool-1 - Starting...
2023-04-11 09:38:37.572 INFO  com.zaxxer.hikari.pool.HikariPool - HikariPool-1 - Added connection com.mysql.cj.jdbc.ConnectionImpl@79b63325
2023-04-11 09:38:37.574 INFO  com.zaxxer.hikari.HikariDataSource - HikariPool-1 - Start completed.
2023-04-11 09:38:37.640 INFO  SQL dialect - HHH000400: Using dialect: org.hibernate.dialect.MySQLDialect
2023-04-11 09:38:38.620 INFO  o.h.e.t.j.p.i.JtaPlatformInitiator - HHH000490: Using JtaPlatform implementation: [org.hibernate.engine.transaction.jta.platform.internal.NoJtaPlatform]
2023-04-11 09:38:38.635 INFO  o.s.o.j.LocalContainerEntityManagerFactoryBean - Initialized JPA EntityManagerFactory for persistence unit 'default'
2023-04-11 09:38:39.090 WARN  o.s.b.a.o.j.JpaBaseConfiguration$JpaWebConfiguration - spring.jpa.open-in-view is enabled by default. Therefore, database queries may be performed during view rendering. Explicitly configure spring.jpa.open-in-view to disable this warning
2023-04-11 09:38:40.158 INFO  o.s.s.web.DefaultSecurityFilterChain - Will secure any request with [org.springframework.security.web.session.DisableEncodeUrlFilter@24fb8317, org.springframework.security.web.context.request.async.WebAsyncManagerIntegrationFilter@6d2f910b, org.springframework.security.web.context.SecurityContextHolderFilter@4b37d1a4, org.springframework.security.web.header.HeaderWriterFilter@4806fbf7, org.springframework.web.filter.CorsFilter@f451970, org.springframework.security.web.authentication.logout.LogoutFilter@7a85454b, org.springframework.security.web.authentication.www.BasicAuthenticationFilter@1bed61d2, org.springframework.security.web.savedrequest.RequestCacheAwareFilter@73c6ae15, org.springframework.security.web.servletapi.SecurityContextHolderAwareRequestFilter@5923210, org.springframework.security.web.authentication.AnonymousAuthenticationFilter@4a7c8cb7, org.springframework.security.web.access.ExceptionTranslationFilter@22561412, org.springframework.security.web.access.intercept.FilterSecurityInterceptor@46a9c368]
2023-04-11 09:38:40.466 WARN  o.s.b.w.s.c.AnnotationConfigServletWebServerApplicationContext - Exception encountered during context initialization - cancelling refresh attempt: org.springframework.context.ApplicationContextException: Failed to start bean 'webServerStartStop'
2023-04-11 09:38:40.469 INFO  o.s.o.j.LocalContainerEntityManagerFactoryBean - Closing JPA EntityManagerFactory for persistence unit 'default'
2023-04-11 09:38:40.474 INFO  com.zaxxer.hikari.HikariDataSource - HikariPool-1 - Shutdown initiated...
2023-04-11 09:38:40.484 INFO  com.zaxxer.hikari.HikariDataSource - HikariPool-1 - Shutdown completed.
2023-04-11 09:41:16.164 INFO  o.h.validator.internal.util.Version - HV000001: Hibernate Validator 8.0.0.Final
2023-04-11 09:41:16.214 INFO  c.I.I.ImShibernateApplication - Starting ImShibernateApplication using Java 17.0.2 with PID 18248 (C:\Users\LAP-10\Documents\IMSwithImage\IMShibernate\target\classes started by LAP-10 in C:\Users\LAP-10\Documents\IMSwithImage\IMShibernate)
2023-04-11 09:41:16.215 INFO  c.I.I.ImShibernateApplication - No active profile set, falling back to 1 default profile: "default"
2023-04-11 09:41:17.156 INFO  o.s.d.r.c.RepositoryConfigurationDelegate - Bootstrapping Spring Data JPA repositories in DEFAULT mode.
2023-04-11 09:41:17.228 INFO  o.s.d.r.c.RepositoryConfigurationDelegate - Finished Spring Data repository scanning in 63 ms. Found 3 JPA repository interfaces.
2023-04-11 09:41:17.828 INFO  o.s.b.w.e.tomcat.TomcatWebServer - Tomcat initialized with port(s): 8080 (http)
2023-04-11 09:41:17.839 INFO  o.a.coyote.http11.Http11NioProtocol - Initializing ProtocolHandler ["http-nio-8080"]
2023-04-11 09:41:17.840 INFO  o.a.catalina.core.StandardService - Starting service [Tomcat]
2023-04-11 09:41:17.841 INFO  o.a.catalina.core.StandardEngine - Starting Servlet engine: [Apache Tomcat/10.1.7]
2023-04-11 09:41:17.964 INFO  o.a.c.c.C.[Tomcat].[localhost].[/] - Initializing Spring embedded WebApplicationContext
2023-04-11 09:41:17.965 INFO  o.s.b.w.s.c.ServletWebServerApplicationContext - Root WebApplicationContext: initialization completed in 1690 ms
2023-04-11 09:41:18.197 INFO  o.h.jpa.internal.util.LogHelper - HHH000204: Processing PersistenceUnitInfo [name: default]
2023-04-11 09:41:18.269 INFO  org.hibernate.Version - HHH000412: Hibernate ORM core version 6.1.7.Final
2023-04-11 09:41:18.451 WARN  org.hibernate.orm.deprecation - HHH90000021: Encountered deprecated setting [javax.persistence.validation.mode], use [jakarta.persistence.validation.mode] instead
2023-04-11 09:41:18.625 INFO  com.zaxxer.hikari.HikariDataSource - HikariPool-1 - Starting...
2023-04-11 09:41:18.932 INFO  com.zaxxer.hikari.pool.HikariPool - HikariPool-1 - Added connection com.mysql.cj.jdbc.ConnectionImpl@1716c037
2023-04-11 09:41:18.934 INFO  com.zaxxer.hikari.HikariDataSource - HikariPool-1 - Start completed.
2023-04-11 09:41:18.969 INFO  SQL dialect - HHH000400: Using dialect: org.hibernate.dialect.MySQLDialect
2023-04-11 09:41:19.848 INFO  o.h.e.t.j.p.i.JtaPlatformInitiator - HHH000490: Using JtaPlatform implementation: [org.hibernate.engine.transaction.jta.platform.internal.NoJtaPlatform]
2023-04-11 09:41:19.858 INFO  o.s.o.j.LocalContainerEntityManagerFactoryBean - Initialized JPA EntityManagerFactory for persistence unit 'default'
2023-04-11 09:41:20.302 WARN  o.s.b.a.o.j.JpaBaseConfiguration$JpaWebConfiguration - spring.jpa.open-in-view is enabled by default. Therefore, database queries may be performed during view rendering. Explicitly configure spring.jpa.open-in-view to disable this warning
2023-04-11 09:41:21.352 INFO  o.s.s.web.DefaultSecurityFilterChain - Will secure any request with [org.springframework.security.web.session.DisableEncodeUrlFilter@46aea9f7, org.springframework.security.web.context.request.async.WebAsyncManagerIntegrationFilter@267e0ca0, org.springframework.security.web.context.SecurityContextHolderFilter@18139a43, org.springframework.security.web.header.HeaderWriterFilter@f2b4303, org.springframework.web.filter.CorsFilter@3e3a07ab, org.springframework.security.web.authentication.logout.LogoutFilter@4280b20b, org.springframework.security.web.authentication.www.BasicAuthenticationFilter@4f72078d, org.springframework.security.web.savedrequest.RequestCacheAwareFilter@3dbb7bb, org.springframework.security.web.servletapi.SecurityContextHolderAwareRequestFilter@6277a496, org.springframework.security.web.authentication.AnonymousAuthenticationFilter@3f3a529f, org.springframework.security.web.access.ExceptionTranslationFilter@1d126f07, org.springframework.security.web.access.intercept.FilterSecurityInterceptor@6b8f87dc]
2023-04-11 09:41:21.654 INFO  o.a.coyote.http11.Http11NioProtocol - Starting ProtocolHandler ["http-nio-8080"]
2023-04-11 09:41:21.680 INFO  o.s.b.w.e.tomcat.TomcatWebServer - Tomcat started on port(s): 8080 (http) with context path ''
2023-04-11 09:41:21.691 INFO  c.I.I.ImShibernateApplication - Started ImShibernateApplication in 5.791 seconds (process running for 6.319)
2023-04-11 09:41:21.922 INFO  o.a.c.c.C.[Tomcat].[localhost].[/] - Initializing Spring DispatcherServlet 'dispatcherServlet'
2023-04-11 09:41:21.922 INFO  o.s.web.servlet.DispatcherServlet - Initializing Servlet 'dispatcherServlet'
2023-04-11 09:41:21.923 INFO  o.s.web.servlet.DispatcherServlet - Completed initialization in 1 ms
2023-04-11 09:44:00.533 INFO  o.s.o.j.LocalContainerEntityManagerFactoryBean - Closing JPA EntityManagerFactory for persistence unit 'default'
2023-04-11 09:44:00.537 INFO  com.zaxxer.hikari.HikariDataSource - HikariPool-1 - Shutdown initiated...
2023-04-11 09:44:00.547 INFO  com.zaxxer.hikari.HikariDataSource - HikariPool-1 - Shutdown completed.
2023-04-11 09:44:28.284 INFO  o.h.validator.internal.util.Version - HV000001: Hibernate Validator 8.0.0.Final
2023-04-11 09:44:28.338 INFO  c.I.I.ImShibernateApplication - Starting ImShibernateApplication using Java 17.0.2 with PID 17252 (C:\Users\LAP-10\Documents\IMSwithImage\IMShibernate\target\classes started by LAP-10 in C:\Users\LAP-10\Documents\IMSwithImage\IMShibernate)
2023-04-11 09:44:28.340 INFO  c.I.I.ImShibernateApplication - No active profile set, falling back to 1 default profile: "default"
2023-04-11 09:44:29.426 INFO  o.s.d.r.c.RepositoryConfigurationDelegate - Bootstrapping Spring Data JPA repositories in DEFAULT mode.
2023-04-11 09:44:29.514 INFO  o.s.d.r.c.RepositoryConfigurationDelegate - Finished Spring Data repository scanning in 78 ms. Found 3 JPA repository interfaces.
2023-04-11 09:44:30.174 INFO  o.s.b.w.e.tomcat.TomcatWebServer - Tomcat initialized with port(s): 8080 (http)
2023-04-11 09:44:30.187 INFO  o.a.coyote.http11.Http11NioProtocol - Initializing ProtocolHandler ["http-nio-8080"]
2023-04-11 09:44:30.188 INFO  o.a.catalina.core.StandardService - Starting service [Tomcat]
2023-04-11 09:44:30.188 INFO  o.a.catalina.core.StandardEngine - Starting Servlet engine: [Apache Tomcat/10.1.7]
2023-04-11 09:44:30.287 INFO  o.a.c.c.C.[Tomcat].[localhost].[/] - Initializing Spring embedded WebApplicationContext
2023-04-11 09:44:30.288 INFO  o.s.b.w.s.c.ServletWebServerApplicationContext - Root WebApplicationContext: initialization completed in 1879 ms
2023-04-11 09:44:30.489 INFO  o.h.jpa.internal.util.LogHelper - HHH000204: Processing PersistenceUnitInfo [name: default]
2023-04-11 09:44:30.560 INFO  org.hibernate.Version - HHH000412: Hibernate ORM core version 6.1.7.Final
2023-04-11 09:44:30.743 WARN  org.hibernate.orm.deprecation - HHH90000021: Encountered deprecated setting [javax.persistence.validation.mode], use [jakarta.persistence.validation.mode] instead
2023-04-11 09:44:30.915 INFO  com.zaxxer.hikari.HikariDataSource - HikariPool-1 - Starting...
2023-04-11 09:44:31.285 INFO  com.zaxxer.hikari.pool.HikariPool - HikariPool-1 - Added connection com.mysql.cj.jdbc.ConnectionImpl@13e1e816
2023-04-11 09:44:31.291 INFO  com.zaxxer.hikari.HikariDataSource - HikariPool-1 - Start completed.
2023-04-11 09:44:31.333 INFO  SQL dialect - HHH000400: Using dialect: org.hibernate.dialect.MySQLDialect
2023-04-11 09:44:32.179 INFO  o.h.e.t.j.p.i.JtaPlatformInitiator - HHH000490: Using JtaPlatform implementation: [org.hibernate.engine.transaction.jta.platform.internal.NoJtaPlatform]
2023-04-11 09:44:32.189 INFO  o.s.o.j.LocalContainerEntityManagerFactoryBean - Initialized JPA EntityManagerFactory for persistence unit 'default'
2023-04-11 09:44:32.664 WARN  o.s.b.a.o.j.JpaBaseConfiguration$JpaWebConfiguration - spring.jpa.open-in-view is enabled by default. Therefore, database queries may be performed during view rendering. Explicitly configure spring.jpa.open-in-view to disable this warning
2023-04-11 09:44:33.731 INFO  o.s.s.web.DefaultSecurityFilterChain - Will secure any request with [org.springframework.security.web.session.DisableEncodeUrlFilter@598ff2b3, org.springframework.security.web.context.request.async.WebAsyncManagerIntegrationFilter@1002f859, org.springframework.security.web.context.SecurityContextHolderFilter@519e67e, org.springframework.security.web.header.HeaderWriterFilter@6632eb19, org.springframework.web.filter.CorsFilter@67cd193d, org.springframework.security.web.authentication.logout.LogoutFilter@4ee19768, org.springframework.security.web.authentication.www.BasicAuthenticationFilter@279ebd94, org.springframework.security.web.savedrequest.RequestCacheAwareFilter@1d5958d3, org.springframework.security.web.servletapi.SecurityContextHolderAwareRequestFilter@6a6e410c, org.springframework.security.web.authentication.AnonymousAuthenticationFilter@34525143, org.springframework.security.web.access.ExceptionTranslationFilter@3dbb7bb, org.springframework.security.web.access.intercept.FilterSecurityInterceptor@6560f387]
2023-04-11 09:44:33.970 INFO  o.a.coyote.http11.Http11NioProtocol - Starting ProtocolHandler ["http-nio-8080"]
2023-04-11 09:44:34.004 INFO  o.s.b.w.e.tomcat.TomcatWebServer - Tomcat started on port(s): 8080 (http) with context path ''
2023-04-11 09:44:34.022 INFO  c.I.I.ImShibernateApplication - Started ImShibernateApplication in 6.049 seconds (process running for 6.663)
2023-04-11 09:44:47.896 INFO  o.s.o.j.LocalContainerEntityManagerFactoryBean - Closing JPA EntityManagerFactory for persistence unit 'default'
2023-04-11 09:44:47.899 INFO  com.zaxxer.hikari.HikariDataSource - HikariPool-1 - Shutdown initiated...
2023-04-11 09:44:47.906 INFO  com.zaxxer.hikari.HikariDataSource - HikariPool-1 - Shutdown completed.
2023-04-11 09:44:59.007 INFO  o.h.validator.internal.util.Version - HV000001: Hibernate Validator 8.0.0.Final
2023-04-11 09:44:59.058 INFO  c.I.I.ImShibernateApplication - Starting ImShibernateApplication using Java 17.0.2 with PID 14588 (C:\Users\LAP-10\Documents\IMSwithImage\IMShibernate\target\classes started by LAP-10 in C:\Users\LAP-10\Documents\IMSwithImage\IMShibernate)
2023-04-11 09:44:59.059 INFO  c.I.I.ImShibernateApplication - No active profile set, falling back to 1 default profile: "default"
2023-04-11 09:45:00.061 INFO  o.s.d.r.c.RepositoryConfigurationDelegate - Bootstrapping Spring Data JPA repositories in DEFAULT mode.
2023-04-11 09:45:00.156 INFO  o.s.d.r.c.RepositoryConfigurationDelegate - Finished Spring Data repository scanning in 85 ms. Found 3 JPA repository interfaces.
2023-04-11 09:45:00.833 INFO  o.s.b.w.e.tomcat.TomcatWebServer - Tomcat initialized with port(s): 8080 (http)
2023-04-11 09:45:00.845 INFO  o.a.coyote.http11.Http11NioProtocol - Initializing ProtocolHandler ["http-nio-8080"]
2023-04-11 09:45:00.846 INFO  o.a.catalina.core.StandardService - Starting service [Tomcat]
2023-04-11 09:45:00.847 INFO  o.a.catalina.core.StandardEngine - Starting Servlet engine: [Apache Tomcat/10.1.7]
2023-04-11 09:45:00.973 INFO  o.a.c.c.C.[Tomcat].[localhost].[/] - Initializing Spring embedded WebApplicationContext
2023-04-11 09:45:00.974 INFO  o.s.b.w.s.c.ServletWebServerApplicationContext - Root WebApplicationContext: initialization completed in 1862 ms
2023-04-11 09:45:01.168 INFO  o.h.jpa.internal.util.LogHelper - HHH000204: Processing PersistenceUnitInfo [name: default]
2023-04-11 09:45:01.222 INFO  org.hibernate.Version - HHH000412: Hibernate ORM core version 6.1.7.Final
2023-04-11 09:45:01.409 WARN  org.hibernate.orm.deprecation - HHH90000021: Encountered deprecated setting [javax.persistence.validation.mode], use [jakarta.persistence.validation.mode] instead
2023-04-11 09:45:01.549 INFO  com.zaxxer.hikari.HikariDataSource - HikariPool-1 - Starting...
2023-04-11 09:45:01.894 INFO  com.zaxxer.hikari.pool.HikariPool - HikariPool-1 - Added connection com.mysql.cj.jdbc.ConnectionImpl@41938e1e
2023-04-11 09:45:01.896 INFO  com.zaxxer.hikari.HikariDataSource - HikariPool-1 - Start completed.
2023-04-11 09:45:01.934 INFO  SQL dialect - HHH000400: Using dialect: org.hibernate.dialect.MySQLDialect
2023-04-11 09:45:02.951 INFO  o.h.e.t.j.p.i.JtaPlatformInitiator - HHH000490: Using JtaPlatform implementation: [org.hibernate.engine.transaction.jta.platform.internal.NoJtaPlatform]
2023-04-11 09:45:02.967 INFO  o.s.o.j.LocalContainerEntityManagerFactoryBean - Initialized JPA EntityManagerFactory for persistence unit 'default'
2023-04-11 09:45:03.417 WARN  o.s.b.a.o.j.JpaBaseConfiguration$JpaWebConfiguration - spring.jpa.open-in-view is enabled by default. Therefore, database queries may be performed during view rendering. Explicitly configure spring.jpa.open-in-view to disable this warning
2023-04-11 09:45:04.531 INFO  o.s.s.web.DefaultSecurityFilterChain - Will secure any request with [org.springframework.security.web.session.DisableEncodeUrlFilter@1529d534, org.springframework.security.web.context.request.async.WebAsyncManagerIntegrationFilter@1a22325d, org.springframework.security.web.context.SecurityContextHolderFilter@6a6e410c, org.springframework.security.web.header.HeaderWriterFilter@519e67e, org.springframework.web.filter.CorsFilter@3c5cb013, org.springframework.security.web.authentication.logout.LogoutFilter@78e4fa1, org.springframework.security.web.authentication.www.BasicAuthenticationFilter@47cf65f1, org.springframework.security.web.savedrequest.RequestCacheAwareFilter@41120e48, org.springframework.security.web.servletapi.SecurityContextHolderAwareRequestFilter@165a5979, org.springframework.security.web.authentication.AnonymousAuthenticationFilter@5f69462f, org.springframework.security.web.access.ExceptionTranslationFilter@42db3ff, org.springframework.security.web.access.intercept.FilterSecurityInterceptor@3f5f79d8]
2023-04-11 09:45:04.873 INFO  o.a.coyote.http11.Http11NioProtocol - Starting ProtocolHandler ["http-nio-8080"]
2023-04-11 09:45:04.899 INFO  o.s.b.w.e.tomcat.TomcatWebServer - Tomcat started on port(s): 8080 (http) with context path ''
2023-04-11 09:45:04.913 INFO  c.I.I.ImShibernateApplication - Started ImShibernateApplication in 6.159 seconds (process running for 6.729)
2023-04-11 09:45:08.700 INFO  o.a.c.c.C.[Tomcat].[localhost].[/] - Initializing Spring DispatcherServlet 'dispatcherServlet'
2023-04-11 09:45:08.701 INFO  o.s.web.servlet.DispatcherServlet - Initializing Servlet 'dispatcherServlet'
2023-04-11 09:45:08.702 INFO  o.s.web.servlet.DispatcherServlet - Completed initialization in 1 ms
2023-04-11 09:54:19.523 INFO  c.I.I.Service.StudentService - get student with id: 454
2023-04-11 10:26:56.849 WARN  com.zaxxer.hikari.pool.HikariPool - HikariPool-1 - Thread starvation or clock leap detected (housekeeper delta=14m14s20ms638µs).
2023-04-11 11:08:04.729 WARN  com.zaxxer.hikari.pool.HikariPool - HikariPool-1 - Thread starvation or clock leap detected (housekeeper delta=3m37s233ms956µs900ns).
2023-04-11 11:19:53.084 WARN  com.zaxxer.hikari.pool.HikariPool - HikariPool-1 - Thread starvation or clock leap detected (housekeeper delta=6m48s250ms37µs600ns).
2023-04-11 11:27:40.725 WARN  com.zaxxer.hikari.pool.HikariPool - HikariPool-1 - Thread starvation or clock leap detected (housekeeper delta=2m17s560ms595µs700ns).
2023-04-11 12:26:01.031 INFO  c.I.I.Service.StudentService - get student with id: 454
2023-04-11 12:26:24.620 INFO  c.I.I.Service.StudentService - get student with id: 454
2023-04-11 12:26:54.152 INFO  c.I.I.Service.StudentService - Created student with id: 502
2023-04-11 12:27:01.346 INFO  c.I.I.Service.StudentService - get student with id: 454
2023-04-11 12:27:03.690 INFO  c.I.I.Service.StudentService - get student with id: 454
2023-04-11 12:27:09.963 INFO  c.I.I.Service.StudentService - get student with id: 454
2023-04-11 12:28:38.892 INFO  c.I.I.Service.StudentService - get student with id: 454
2023-04-11 12:28:42.730 INFO  c.I.I.Service.StudentService - get student with id: 454
2023-04-11 12:28:48.905 INFO  o.s.o.j.LocalContainerEntityManagerFactoryBean - Closing JPA EntityManagerFactory for persistence unit 'default'
2023-04-11 12:28:48.932 INFO  com.zaxxer.hikari.HikariDataSource - HikariPool-1 - Shutdown initiated...
2023-04-11 12:28:48.942 INFO  com.zaxxer.hikari.HikariDataSource - HikariPool-1 - Shutdown completed.
2023-04-11 12:28:55.235 INFO  o.h.validator.internal.util.Version - HV000001: Hibernate Validator 8.0.0.Final
2023-04-11 12:28:55.306 INFO  c.I.I.ImShibernateApplication - Starting ImShibernateApplication using Java 17.0.2 with PID 4676 (C:\Users\LAP-10\Documents\IMSwithImage\IMShibernate\target\classes started by LAP-10 in C:\Users\LAP-10\Documents\IMSwithImage\IMShibernate)
2023-04-11 12:28:55.308 INFO  c.I.I.ImShibernateApplication - No active profile set, falling back to 1 default profile: "default"
2023-04-11 12:28:56.455 INFO  o.s.d.r.c.RepositoryConfigurationDelegate - Bootstrapping Spring Data JPA repositories in DEFAULT mode.
2023-04-11 12:28:56.551 INFO  o.s.d.r.c.RepositoryConfigurationDelegate - Finished Spring Data repository scanning in 75 ms. Found 3 JPA repository interfaces.
2023-04-11 12:28:57.302 INFO  o.s.b.w.e.tomcat.TomcatWebServer - Tomcat initialized with port(s): 8080 (http)
2023-04-11 12:28:57.317 INFO  o.a.coyote.http11.Http11NioProtocol - Initializing ProtocolHandler ["http-nio-8080"]
2023-04-11 12:28:57.319 INFO  o.a.catalina.core.StandardService - Starting service [Tomcat]
2023-04-11 12:28:57.319 INFO  o.a.catalina.core.StandardEngine - Starting Servlet engine: [Apache Tomcat/10.1.7]
2023-04-11 12:28:57.480 INFO  o.a.c.c.C.[Tomcat].[localhost].[/] - Initializing Spring embedded WebApplicationContext
2023-04-11 12:28:57.481 INFO  o.s.b.w.s.c.ServletWebServerApplicationContext - Root WebApplicationContext: initialization completed in 2096 ms
2023-04-11 12:28:57.765 INFO  o.h.jpa.internal.util.LogHelper - HHH000204: Processing PersistenceUnitInfo [name: default]
2023-04-11 12:28:57.862 INFO  org.hibernate.Version - HHH000412: Hibernate ORM core version 6.1.7.Final
2023-04-11 12:28:58.065 WARN  org.hibernate.orm.deprecation - HHH90000021: Encountered deprecated setting [javax.persistence.validation.mode], use [jakarta.persistence.validation.mode] instead
2023-04-11 12:28:58.304 INFO  com.zaxxer.hikari.HikariDataSource - HikariPool-1 - Starting...
2023-04-11 12:28:58.782 INFO  com.zaxxer.hikari.pool.HikariPool - HikariPool-1 - Added connection com.mysql.cj.jdbc.ConnectionImpl@708769b7
2023-04-11 12:28:58.784 INFO  com.zaxxer.hikari.HikariDataSource - HikariPool-1 - Start completed.
2023-04-11 12:28:58.873 INFO  SQL dialect - HHH000400: Using dialect: org.hibernate.dialect.MySQLDialect
2023-04-11 12:28:59.858 INFO  o.h.e.t.j.p.i.JtaPlatformInitiator - HHH000490: Using JtaPlatform implementation: [org.hibernate.engine.transaction.jta.platform.internal.NoJtaPlatform]
2023-04-11 12:28:59.871 INFO  o.s.o.j.LocalContainerEntityManagerFactoryBean - Initialized JPA EntityManagerFactory for persistence unit 'default'
2023-04-11 12:29:00.389 WARN  o.s.b.a.o.j.JpaBaseConfiguration$JpaWebConfiguration - spring.jpa.open-in-view is enabled by default. Therefore, database queries may be performed during view rendering. Explicitly configure spring.jpa.open-in-view to disable this warning
2023-04-11 12:29:01.552 INFO  o.s.s.web.DefaultSecurityFilterChain - Will secure any request with [org.springframework.security.web.session.DisableEncodeUrlFilter@598ff2b3, org.springframework.security.web.context.request.async.WebAsyncManagerIntegrationFilter@1002f859, org.springframework.security.web.context.SecurityContextHolderFilter@2d399e88, org.springframework.security.web.header.HeaderWriterFilter@71689ee2, org.springframework.web.filter.CorsFilter@67cd193d, org.springframework.security.web.authentication.logout.LogoutFilter@4806fbf7, org.springframework.security.web.authentication.www.BasicAuthenticationFilter@3872867d, org.springframework.security.web.savedrequest.RequestCacheAwareFilter@4df5f119, org.springframework.security.web.servletapi.SecurityContextHolderAwareRequestFilter@3dbb7bb, org.springframework.security.web.authentication.AnonymousAuthenticationFilter@34525143, org.springframework.security.web.access.ExceptionTranslationFilter@3a5ffea, org.springframework.security.web.access.intercept.FilterSecurityInterceptor@7dcc0296]
2023-04-11 12:29:01.841 INFO  o.a.coyote.http11.Http11NioProtocol - Starting ProtocolHandler ["http-nio-8080"]
2023-04-11 12:29:01.869 INFO  o.s.b.w.e.tomcat.TomcatWebServer - Tomcat started on port(s): 8080 (http) with context path ''
2023-04-11 12:29:01.882 INFO  c.I.I.ImShibernateApplication - Started ImShibernateApplication in 7.043 seconds (process running for 7.757)
2023-04-11 12:29:08.274 INFO  o.a.c.c.C.[Tomcat].[localhost].[/] - Initializing Spring DispatcherServlet 'dispatcherServlet'
2023-04-11 12:29:08.275 INFO  o.s.web.servlet.DispatcherServlet - Initializing Servlet 'dispatcherServlet'
2023-04-11 12:29:08.276 INFO  o.s.web.servlet.DispatcherServlet - Completed initialization in 1 ms
2023-04-11 12:29:08.502 INFO  c.I.I.Service.StudentService - get student with id: 454
2023-04-11 12:29:23.579 INFO  c.I.I.Service.StudentService - Created student with id: 552
2023-04-11 12:29:42.007 INFO  c.I.I.Service.StudentService - Created student with id: 553
2023-04-11 12:29:42.047 INFO  c.I.I.Service.StudentService - updated student with id: 553
2023-04-11 12:29:53.386 INFO  c.I.I.Service.StudentService - get student with id: 454
2023-04-11 12:35:50.886 INFO  c.I.I.Service.StudentService - get student with id: 454
2023-04-11 12:35:51.757 INFO  c.I.I.Service.StudentService - get student with id: 454
2023-04-11 12:35:52.227 INFO  c.I.I.Service.StudentService - get student with id: 454
2023-04-11 12:35:52.389 INFO  c.I.I.Service.StudentService - get student with id: 454
2023-04-11 12:35:52.621 INFO  c.I.I.Service.StudentService - get student with id: 454
2023-04-11 12:35:52.925 INFO  c.I.I.Service.StudentService - get student with id: 454
2023-04-11 12:35:53.099 INFO  c.I.I.Service.StudentService - get student with id: 454
2023-04-11 12:35:53.326 INFO  c.I.I.Service.StudentService - get student with id: 454
2023-04-11 12:37:09.957 INFO  c.I.I.Service.StudentService - get student with id: 454
2023-04-11 12:37:10.866 INFO  c.I.I.Service.StudentService - get student with id: 454
2023-04-11 12:37:11.548 INFO  c.I.I.Service.StudentService - get student with id: 454
2023-04-11 12:37:11.755 INFO  c.I.I.Service.StudentService - get student with id: 454
2023-04-11 12:37:11.965 INFO  c.I.I.Service.StudentService - get student with id: 454
2023-04-11 12:37:27.112 INFO  c.I.I.Service.StudentService - get student with id: 454
2023-04-11 12:45:54.792 INFO  c.I.I.Service.StudentService - get student with id: 454
2023-04-11 12:45:59.938 INFO  c.I.I.Service.StudentService - get student with id: 454
2023-04-11 12:47:33.742 INFO  c.I.I.Service.StudentService - Getting all student
2023-04-11 12:48:07.379 INFO  c.I.I.Service.StudentService - Getting all student
2023-04-11 12:49:33.374 INFO  c.I.I.Service.StudentService - get student with id: 553
2023-04-11 12:49:41.851 INFO  c.I.I.Service.StudentService - get student with id: 454
2023-04-11 12:54:24.701 INFO  o.s.o.j.LocalContainerEntityManagerFactoryBean - Closing JPA EntityManagerFactory for persistence unit 'default'
2023-04-11 12:54:24.726 INFO  com.zaxxer.hikari.HikariDataSource - HikariPool-1 - Shutdown initiated...
2023-04-11 12:54:24.782 INFO  com.zaxxer.hikari.HikariDataSource - HikariPool-1 - Shutdown completed.
2023-04-11 12:54:31.497 INFO  o.h.validator.internal.util.Version - HV000001: Hibernate Validator 8.0.0.Final
2023-04-11 12:54:31.560 INFO  c.I.I.ImShibernateApplication - Starting ImShibernateApplication using Java 17.0.2 with PID 13148 (C:\Users\LAP-10\Documents\IMSwithImage\IMShibernate\target\classes started by LAP-10 in C:\Users\LAP-10\Documents\IMSwithImage\IMShibernate)
2023-04-11 12:54:31.562 INFO  c.I.I.ImShibernateApplication - No active profile set, falling back to 1 default profile: "default"
2023-04-11 12:54:32.687 INFO  o.s.d.r.c.RepositoryConfigurationDelegate - Bootstrapping Spring Data JPA repositories in DEFAULT mode.
2023-04-11 12:54:32.781 INFO  o.s.d.r.c.RepositoryConfigurationDelegate - Finished Spring Data repository scanning in 81 ms. Found 3 JPA repository interfaces.
2023-04-11 12:54:33.795 INFO  o.s.b.w.e.tomcat.TomcatWebServer - Tomcat initialized with port(s): 8080 (http)
2023-04-11 12:54:33.820 INFO  o.a.coyote.http11.Http11NioProtocol - Initializing ProtocolHandler ["http-nio-8080"]
2023-04-11 12:54:33.822 INFO  o.a.catalina.core.StandardService - Starting service [Tomcat]
2023-04-11 12:54:33.822 INFO  o.a.catalina.core.StandardEngine - Starting Servlet engine: [Apache Tomcat/10.1.7]
2023-04-11 12:54:34.052 INFO  o.a.c.c.C.[Tomcat].[localhost].[/] - Initializing Spring embedded WebApplicationContext
2023-04-11 12:54:34.053 INFO  o.s.b.w.s.c.ServletWebServerApplicationContext - Root WebApplicationContext: initialization completed in 2420 ms
2023-04-11 12:54:34.404 INFO  o.h.jpa.internal.util.LogHelper - HHH000204: Processing PersistenceUnitInfo [name: default]
2023-04-11 12:54:34.529 INFO  org.hibernate.Version - HHH000412: Hibernate ORM core version 6.1.7.Final
2023-04-11 12:54:34.885 WARN  org.hibernate.orm.deprecation - HHH90000021: Encountered deprecated setting [javax.persistence.validation.mode], use [jakarta.persistence.validation.mode] instead
2023-04-11 12:54:35.231 INFO  com.zaxxer.hikari.HikariDataSource - HikariPool-1 - Starting...
2023-04-11 12:54:36.056 INFO  com.zaxxer.hikari.pool.HikariPool - HikariPool-1 - Added connection com.mysql.cj.jdbc.ConnectionImpl@5bb97fe7
2023-04-11 12:54:36.059 INFO  com.zaxxer.hikari.HikariDataSource - HikariPool-1 - Start completed.
2023-04-11 12:54:36.180 INFO  SQL dialect - HHH000400: Using dialect: org.hibernate.dialect.MySQLDialect
2023-04-11 12:54:38.063 INFO  o.h.e.t.j.p.i.JtaPlatformInitiator - HHH000490: Using JtaPlatform implementation: [org.hibernate.engine.transaction.jta.platform.internal.NoJtaPlatform]
2023-04-11 12:54:38.086 INFO  o.s.o.j.LocalContainerEntityManagerFactoryBean - Initialized JPA EntityManagerFactory for persistence unit 'default'
2023-04-11 12:54:38.989 WARN  o.s.b.a.o.j.JpaBaseConfiguration$JpaWebConfiguration - spring.jpa.open-in-view is enabled by default. Therefore, database queries may be performed during view rendering. Explicitly configure spring.jpa.open-in-view to disable this warning
2023-04-11 12:54:40.629 INFO  o.s.s.web.DefaultSecurityFilterChain - Will secure any request with [org.springframework.security.web.session.DisableEncodeUrlFilter@560c3758, org.springframework.security.web.context.request.async.WebAsyncManagerIntegrationFilter@43414b88, org.springframework.security.web.context.SecurityContextHolderFilter@6a6e410c, org.springframework.security.web.header.HeaderWriterFilter@519e67e, org.springframework.web.filter.CorsFilter@52a605c3, org.springframework.security.web.authentication.logout.LogoutFilter@78e4fa1, org.springframework.security.web.authentication.www.BasicAuthenticationFilter@47cf65f1, org.springframework.security.web.savedrequest.RequestCacheAwareFilter@41120e48, org.springframework.security.web.servletapi.SecurityContextHolderAwareRequestFilter@165a5979, org.springframework.security.web.authentication.AnonymousAuthenticationFilter@13fad0c7, org.springframework.security.web.access.ExceptionTranslationFilter@42db3ff, org.springframework.security.web.access.intercept.FilterSecurityInterceptor@3f5f79d8]
2023-04-11 12:54:41.107 INFO  o.a.coyote.http11.Http11NioProtocol - Starting ProtocolHandler ["http-nio-8080"]
2023-04-11 12:54:41.150 INFO  o.s.b.w.e.tomcat.TomcatWebServer - Tomcat started on port(s): 8080 (http) with context path ''
2023-04-11 12:54:41.171 INFO  c.I.I.ImShibernateApplication - Started ImShibernateApplication in 9.994 seconds (process running for 10.723)
2023-04-11 12:55:14.567 INFO  o.a.c.c.C.[Tomcat].[localhost].[/] - Initializing Spring DispatcherServlet 'dispatcherServlet'
2023-04-11 12:55:14.568 INFO  o.s.web.servlet.DispatcherServlet - Initializing Servlet 'dispatcherServlet'
2023-04-11 12:55:14.570 INFO  o.s.web.servlet.DispatcherServlet - Completed initialization in 1 ms
2023-04-11 12:55:15.148 INFO  c.I.I.Service.StudentService - Getting all student
2023-04-11 12:55:29.008 INFO  c.I.I.Service.StudentService - get student with id: 454
2023-04-11 12:56:11.858 INFO  c.I.I.Service.StudentService - get student with id: 454
2023-04-11 12:57:40.649 INFO  c.I.I.Service.StudentService - get student with id: 454
2023-04-11 12:57:42.399 INFO  c.I.I.Service.StudentService - get student with id: 454
2023-04-11 12:57:48.944 INFO  c.I.I.Service.StudentService - get student with id: 454
2023-04-11 12:57:49.985 INFO  c.I.I.Service.StudentService - get student with id: 454
2023-04-11 12:58:16.356 INFO  c.I.I.Service.StudentService - Created student with id: 602
2023-04-11 12:58:22.691 INFO  c.I.I.Service.StudentService - get student with id: 454
2023-04-11 12:58:56.605 INFO  c.I.I.Service.StudentService - get student with id: 454
2023-04-11 12:59:30.233 INFO  c.I.I.Service.StudentService - get student with id: 454
2023-04-11 12:59:31.426 INFO  c.I.I.Service.StudentService - get student with id: 454
2023-04-11 12:59:36.236 INFO  c.I.I.Service.StudentService - get student with id: 454
2023-04-11 12:59:44.461 INFO  c.I.I.Service.StudentService - get student with id: 454
2023-04-11 12:59:57.462 INFO  c.I.I.Service.StudentService - get student with id: 454
2023-04-11 13:00:04.896 INFO  c.I.I.Service.StudentService - get student with id: 553
2023-04-11 13:01:58.819 INFO  c.I.I.Service.StudentService - get student with id: 454
2023-04-11 13:02:55.238 INFO  c.I.I.Service.StudentService - get student with id: 454
2023-04-11 13:02:56.430 INFO  c.I.I.Service.StudentService - get student with id: 454
2023-04-11 13:02:57.275 INFO  c.I.I.Service.StudentService - get student with id: 454
2023-04-11 13:03:10.081 INFO  c.I.I.Service.StudentService - get student with id: 454
2023-04-11 13:05:35.801 WARN  com.zaxxer.hikari.pool.HikariPool - HikariPool-1 - Thread starvation or clock leap detected (housekeeper delta=1m16s678ms665µs600ns).
