2023-04-06 11:02:53.467 INFO  c.I.I.ImShibernateApplication - Starting ImShibernateApplication using Java 17.0.2 with PID 12532 (C:\Users\LAP-10\Documents\IMShibernate\target\classes started by LAP-10 in C:\Users\LAP-10\Documents\IMShibernate)
2023-04-06 11:02:53.480 INFO  c.I.I.ImShibernateApplication - No active profile set, falling back to 1 default profile: "default"
2023-04-06 11:02:54.555 INFO  o.s.d.r.c.RepositoryConfigurationDelegate - Bootstrapping Spring Data JPA repositories in DEFAULT mode.
2023-04-06 11:02:54.614 INFO  o.s.d.r.c.RepositoryConfigurationDelegate - Finished Spring Data repository scanning in 51 ms. Found 3 JPA repository interfaces.
2023-04-06 11:02:55.340 INFO  o.s.b.w.e.tomcat.TomcatWebServer - Tomcat initialized with port(s): 8080 (http)
2023-04-06 11:02:55.349 INFO  o.a.coyote.http11.Http11NioProtocol - Initializing ProtocolHandler ["http-nio-8080"]
2023-04-06 11:02:55.350 INFO  o.a.catalina.core.StandardService - Starting service [Tomcat]
2023-04-06 11:02:55.350 INFO  o.a.catalina.core.StandardEngine - Starting Servlet engine: [Apache Tomcat/10.1.7]
2023-04-06 11:02:55.439 INFO  o.a.c.c.C.[Tomcat].[localhost].[/] - Initializing Spring embedded WebApplicationContext
2023-04-06 11:02:55.439 INFO  o.s.b.w.s.c.ServletWebServerApplicationContext - Root WebApplicationContext: initialization completed in 1847 ms
2023-04-06 11:02:55.690 INFO  o.h.jpa.internal.util.LogHelper - HHH000204: Processing PersistenceUnitInfo [name: default]
2023-04-06 11:02:55.777 INFO  org.hibernate.Version - HHH000412: Hibernate ORM core version 6.1.7.Final
2023-04-06 11:02:55.930 WARN  org.hibernate.orm.deprecation - HHH90000021: Encountered deprecated setting [javax.persistence.validation.mode], use [jakarta.persistence.validation.mode] instead
2023-04-06 11:02:56.080 INFO  com.zaxxer.hikari.HikariDataSource - HikariPool-1 - Starting...
2023-04-06 11:02:56.516 INFO  com.zaxxer.hikari.pool.HikariPool - HikariPool-1 - Added connection com.mysql.cj.jdbc.ConnectionImpl@7f6b57f2
2023-04-06 11:02:56.518 INFO  com.zaxxer.hikari.HikariDataSource - HikariPool-1 - Start completed.
2023-04-06 11:02:56.593 INFO  SQL dialect - HHH000400: Using dialect: org.hibernate.dialect.MySQLDialect
2023-04-06 11:02:57.511 INFO  o.h.e.t.j.p.i.JtaPlatformInitiator - HHH000490: Using JtaPlatform implementation: [org.hibernate.engine.transaction.jta.platform.internal.NoJtaPlatform]
2023-04-06 11:02:57.519 INFO  o.s.o.j.LocalContainerEntityManagerFactoryBean - Initialized JPA EntityManagerFactory for persistence unit 'default'
2023-04-06 11:02:57.986 WARN  o.s.b.a.o.j.JpaBaseConfiguration$JpaWebConfiguration - spring.jpa.open-in-view is enabled by default. Therefore, database queries may be performed during view rendering. Explicitly configure spring.jpa.open-in-view to disable this warning
2023-04-06 11:02:59.177 INFO  o.a.coyote.http11.Http11NioProtocol - Starting ProtocolHandler ["http-nio-8080"]
2023-04-06 11:02:59.203 INFO  o.s.b.w.e.tomcat.TomcatWebServer - Tomcat started on port(s): 8080 (http) with context path ''
2023-04-06 11:02:59.212 INFO  c.I.I.ImShibernateApplication - Started ImShibernateApplication in 6.312 seconds (process running for 7.077)
2023-04-06 11:07:20.943 INFO  o.a.c.c.C.[Tomcat].[localhost].[/] - Initializing Spring DispatcherServlet 'dispatcherServlet'
2023-04-06 11:07:20.944 INFO  o.s.web.servlet.DispatcherServlet - Initializing Servlet 'dispatcherServlet'
2023-04-06 11:07:20.945 INFO  o.s.web.servlet.DispatcherServlet - Completed initialization in 1 ms
2023-04-06 11:07:20.979 INFO  c.I.I.Service.CourseService - Getting all courses
2023-04-06 11:09:40.460 INFO  c.I.I.Service.CourseService - Created course with id: 0
2023-04-06 11:09:55.394 INFO  c.I.I.Service.CourseService - Getting all courses
2023-04-06 11:10:56.007 INFO  o.s.o.j.LocalContainerEntityManagerFactoryBean - Closing JPA EntityManagerFactory for persistence unit 'default'
2023-04-06 11:10:56.010 INFO  com.zaxxer.hikari.HikariDataSource - HikariPool-1 - Shutdown initiated...
2023-04-06 11:10:56.019 INFO  com.zaxxer.hikari.HikariDataSource - HikariPool-1 - Shutdown completed.
2023-04-06 11:11:00.153 INFO  c.I.I.ImShibernateApplication - Starting ImShibernateApplication using Java 17.0.2 with PID 8152 (C:\Users\LAP-10\Documents\IMShibernate\target\classes started by LAP-10 in C:\Users\LAP-10\Documents\IMShibernate)
2023-04-06 11:11:00.156 INFO  c.I.I.ImShibernateApplication - No active profile set, falling back to 1 default profile: "default"
2023-04-06 11:11:01.082 INFO  o.s.d.r.c.RepositoryConfigurationDelegate - Bootstrapping Spring Data JPA repositories in DEFAULT mode.
2023-04-06 11:11:01.134 INFO  o.s.d.r.c.RepositoryConfigurationDelegate - Finished Spring Data repository scanning in 45 ms. Found 3 JPA repository interfaces.
2023-04-06 11:11:01.766 INFO  o.s.b.w.e.tomcat.TomcatWebServer - Tomcat initialized with port(s): 8080 (http)
2023-04-06 11:11:01.774 INFO  o.a.coyote.http11.Http11NioProtocol - Initializing ProtocolHandler ["http-nio-8080"]
2023-04-06 11:11:01.775 INFO  o.a.catalina.core.StandardService - Starting service [Tomcat]
2023-04-06 11:11:01.775 INFO  o.a.catalina.core.StandardEngine - Starting Servlet engine: [Apache Tomcat/10.1.7]
2023-04-06 11:11:01.872 INFO  o.a.c.c.C.[Tomcat].[localhost].[/] - Initializing Spring embedded WebApplicationContext
2023-04-06 11:11:01.872 INFO  o.s.b.w.s.c.ServletWebServerApplicationContext - Root WebApplicationContext: initialization completed in 1661 ms
2023-04-06 11:11:02.074 INFO  o.h.jpa.internal.util.LogHelper - HHH000204: Processing PersistenceUnitInfo [name: default]
2023-04-06 11:11:02.141 INFO  org.hibernate.Version - HHH000412: Hibernate ORM core version 6.1.7.Final
2023-04-06 11:11:02.305 WARN  org.hibernate.orm.deprecation - HHH90000021: Encountered deprecated setting [javax.persistence.validation.mode], use [jakarta.persistence.validation.mode] instead
2023-04-06 11:11:02.447 INFO  com.zaxxer.hikari.HikariDataSource - HikariPool-1 - Starting...
2023-04-06 11:11:02.845 INFO  com.zaxxer.hikari.pool.HikariPool - HikariPool-1 - Added connection com.mysql.cj.jdbc.ConnectionImpl@7956f93a
2023-04-06 11:11:02.847 INFO  com.zaxxer.hikari.HikariDataSource - HikariPool-1 - Start completed.
2023-04-06 11:11:02.898 INFO  SQL dialect - HHH000400: Using dialect: org.hibernate.dialect.MySQLDialect
2023-04-06 11:11:03.839 INFO  o.h.e.t.j.p.i.JtaPlatformInitiator - HHH000490: Using JtaPlatform implementation: [org.hibernate.engine.transaction.jta.platform.internal.NoJtaPlatform]
2023-04-06 11:11:03.848 INFO  o.s.o.j.LocalContainerEntityManagerFactoryBean - Initialized JPA EntityManagerFactory for persistence unit 'default'
2023-04-06 11:11:04.317 WARN  o.s.b.a.o.j.JpaBaseConfiguration$JpaWebConfiguration - spring.jpa.open-in-view is enabled by default. Therefore, database queries may be performed during view rendering. Explicitly configure spring.jpa.open-in-view to disable this warning
2023-04-06 11:11:05.461 INFO  o.a.coyote.http11.Http11NioProtocol - Starting ProtocolHandler ["http-nio-8080"]
2023-04-06 11:11:05.483 INFO  o.s.b.w.e.tomcat.TomcatWebServer - Tomcat started on port(s): 8080 (http) with context path ''
2023-04-06 11:11:05.493 INFO  c.I.I.ImShibernateApplication - Started ImShibernateApplication in 5.677 seconds (process running for 6.301)
2023-04-06 11:11:26.466 INFO  o.a.c.c.C.[Tomcat].[localhost].[/] - Initializing Spring DispatcherServlet 'dispatcherServlet'
2023-04-06 11:11:26.466 INFO  o.s.web.servlet.DispatcherServlet - Initializing Servlet 'dispatcherServlet'
2023-04-06 11:11:26.469 INFO  o.s.web.servlet.DispatcherServlet - Completed initialization in 2 ms
2023-04-06 11:11:26.522 INFO  c.I.I.Service.CourseService - Getting all courses
2023-04-06 11:11:36.645 INFO  c.I.I.Service.CourseService - Created course with id: 0
2023-04-06 11:11:45.877 INFO  c.I.I.Service.CourseService - Created course with id: 0
2023-04-06 11:11:49.647 INFO  c.I.I.Service.CourseService - Getting all courses
2023-04-06 11:12:23.821 INFO  c.I.I.Service.CourseService - Getting course with id: 2
2023-04-06 11:12:31.784 INFO  c.I.I.Service.CourseService - Getting course with id: 2
2023-04-06 11:12:31.843 INFO  c.I.I.Service.CourseService - Deleted course with id: 2
2023-04-06 11:12:37.069 INFO  c.I.I.Service.CourseService - Getting course with id: 2
2023-04-06 11:12:41.682 INFO  c.I.I.Service.CourseService - Getting course with id: 1
2023-04-06 11:12:57.798 INFO  c.I.I.Service.CourseService - Created course with id: 0
2023-04-06 11:13:02.845 INFO  c.I.I.Service.CourseService - Getting course with id: 1
2023-04-06 11:13:06.273 INFO  c.I.I.Service.CourseService - Getting all courses
2023-04-06 11:24:35.483 INFO  o.s.o.j.LocalContainerEntityManagerFactoryBean - Closing JPA EntityManagerFactory for persistence unit 'default'
2023-04-06 11:24:35.486 INFO  com.zaxxer.hikari.HikariDataSource - HikariPool-1 - Shutdown initiated...
2023-04-06 11:24:35.516 INFO  com.zaxxer.hikari.HikariDataSource - HikariPool-1 - Shutdown completed.
2023-04-06 11:24:40.445 INFO  c.I.I.ImShibernateApplication - Starting ImShibernateApplication using Java 17.0.2 with PID 4072 (C:\Users\LAP-10\Documents\IMShibernate\target\classes started by LAP-10 in C:\Users\LAP-10\Documents\IMShibernate)
2023-04-06 11:24:40.447 INFO  c.I.I.ImShibernateApplication - No active profile set, falling back to 1 default profile: "default"
2023-04-06 11:24:41.330 INFO  o.s.d.r.c.RepositoryConfigurationDelegate - Bootstrapping Spring Data JPA repositories in DEFAULT mode.
2023-04-06 11:24:41.391 INFO  o.s.d.r.c.RepositoryConfigurationDelegate - Finished Spring Data repository scanning in 54 ms. Found 3 JPA repository interfaces.
2023-04-06 11:24:41.974 INFO  o.s.b.w.e.tomcat.TomcatWebServer - Tomcat initialized with port(s): 8080 (http)
2023-04-06 11:24:41.981 INFO  o.a.coyote.http11.Http11NioProtocol - Initializing ProtocolHandler ["http-nio-8080"]
2023-04-06 11:24:41.982 INFO  o.a.catalina.core.StandardService - Starting service [Tomcat]
2023-04-06 11:24:41.982 INFO  o.a.catalina.core.StandardEngine - Starting Servlet engine: [Apache Tomcat/10.1.7]
2023-04-06 11:24:42.113 INFO  o.a.c.c.C.[Tomcat].[localhost].[/] - Initializing Spring embedded WebApplicationContext
2023-04-06 11:24:42.113 INFO  o.s.b.w.s.c.ServletWebServerApplicationContext - Root WebApplicationContext: initialization completed in 1613 ms
2023-04-06 11:24:42.297 INFO  o.h.jpa.internal.util.LogHelper - HHH000204: Processing PersistenceUnitInfo [name: default]
2023-04-06 11:24:42.351 INFO  org.hibernate.Version - HHH000412: Hibernate ORM core version 6.1.7.Final
2023-04-06 11:24:42.468 WARN  org.hibernate.orm.deprecation - HHH90000021: Encountered deprecated setting [javax.persistence.validation.mode], use [jakarta.persistence.validation.mode] instead
2023-04-06 11:24:42.591 INFO  com.zaxxer.hikari.HikariDataSource - HikariPool-1 - Starting...
2023-04-06 11:24:42.923 INFO  com.zaxxer.hikari.pool.HikariPool - HikariPool-1 - Added connection com.mysql.cj.jdbc.ConnectionImpl@43786627
2023-04-06 11:24:42.926 INFO  com.zaxxer.hikari.HikariDataSource - HikariPool-1 - Start completed.
2023-04-06 11:24:42.973 INFO  SQL dialect - HHH000400: Using dialect: org.hibernate.dialect.MySQLDialect
2023-04-06 11:24:43.907 INFO  o.h.e.t.j.p.i.JtaPlatformInitiator - HHH000490: Using JtaPlatform implementation: [org.hibernate.engine.transaction.jta.platform.internal.NoJtaPlatform]
2023-04-06 11:24:43.916 INFO  o.s.o.j.LocalContainerEntityManagerFactoryBean - Initialized JPA EntityManagerFactory for persistence unit 'default'
2023-04-06 11:24:44.378 WARN  o.s.b.a.o.j.JpaBaseConfiguration$JpaWebConfiguration - spring.jpa.open-in-view is enabled by default. Therefore, database queries may be performed during view rendering. Explicitly configure spring.jpa.open-in-view to disable this warning
2023-04-06 11:24:45.471 INFO  o.a.coyote.http11.Http11NioProtocol - Starting ProtocolHandler ["http-nio-8080"]
2023-04-06 11:24:45.492 INFO  o.s.b.w.e.tomcat.TomcatWebServer - Tomcat started on port(s): 8080 (http) with context path ''
2023-04-06 11:24:45.504 INFO  c.I.I.ImShibernateApplication - Started ImShibernateApplication in 5.342 seconds (process running for 5.829)
2023-04-06 12:00:18.129 INFO  o.s.o.j.LocalContainerEntityManagerFactoryBean - Closing JPA EntityManagerFactory for persistence unit 'default'
2023-04-06 12:00:18.131 INFO  com.zaxxer.hikari.HikariDataSource - HikariPool-1 - Shutdown initiated...
2023-04-06 12:00:18.163 INFO  com.zaxxer.hikari.HikariDataSource - HikariPool-1 - Shutdown completed.
2023-04-06 12:00:23.616 INFO  c.I.I.ImShibernateApplication - Starting ImShibernateApplication using Java 17.0.2 with PID 6580 (C:\Users\LAP-10\Documents\IMShibernate\target\classes started by LAP-10 in C:\Users\LAP-10\Documents\IMShibernate)
2023-04-06 12:00:23.620 INFO  c.I.I.ImShibernateApplication - No active profile set, falling back to 1 default profile: "default"
2023-04-06 12:00:24.507 INFO  o.s.d.r.c.RepositoryConfigurationDelegate - Bootstrapping Spring Data JPA repositories in DEFAULT mode.
2023-04-06 12:00:24.562 INFO  o.s.d.r.c.RepositoryConfigurationDelegate - Finished Spring Data repository scanning in 48 ms. Found 3 JPA repository interfaces.
2023-04-06 12:00:25.135 INFO  o.s.b.w.e.tomcat.TomcatWebServer - Tomcat initialized with port(s): 8080 (http)
2023-04-06 12:00:25.141 INFO  o.a.coyote.http11.Http11NioProtocol - Initializing ProtocolHandler ["http-nio-8080"]
2023-04-06 12:00:25.142 INFO  o.a.catalina.core.StandardService - Starting service [Tomcat]
2023-04-06 12:00:25.142 INFO  o.a.catalina.core.StandardEngine - Starting Servlet engine: [Apache Tomcat/10.1.7]
2023-04-06 12:00:25.263 INFO  o.a.c.c.C.[Tomcat].[localhost].[/] - Initializing Spring embedded WebApplicationContext
2023-04-06 12:00:25.264 INFO  o.s.b.w.s.c.ServletWebServerApplicationContext - Root WebApplicationContext: initialization completed in 1590 ms
2023-04-06 12:00:25.436 INFO  o.h.jpa.internal.util.LogHelper - HHH000204: Processing PersistenceUnitInfo [name: default]
2023-04-06 12:00:25.485 INFO  org.hibernate.Version - HHH000412: Hibernate ORM core version 6.1.7.Final
2023-04-06 12:00:25.622 WARN  org.hibernate.orm.deprecation - HHH90000021: Encountered deprecated setting [javax.persistence.validation.mode], use [jakarta.persistence.validation.mode] instead
2023-04-06 12:00:25.749 INFO  com.zaxxer.hikari.HikariDataSource - HikariPool-1 - Starting...
2023-04-06 12:00:26.049 INFO  com.zaxxer.hikari.pool.HikariPool - HikariPool-1 - Added connection com.mysql.cj.jdbc.ConnectionImpl@56d822dc
2023-04-06 12:00:26.050 INFO  com.zaxxer.hikari.HikariDataSource - HikariPool-1 - Start completed.
2023-04-06 12:00:26.104 INFO  SQL dialect - HHH000400: Using dialect: org.hibernate.dialect.MySQLDialect
2023-04-06 12:00:26.921 INFO  o.h.e.t.j.p.i.JtaPlatformInitiator - HHH000490: Using JtaPlatform implementation: [org.hibernate.engine.transaction.jta.platform.internal.NoJtaPlatform]
2023-04-06 12:00:26.928 INFO  o.s.o.j.LocalContainerEntityManagerFactoryBean - Initialized JPA EntityManagerFactory for persistence unit 'default'
2023-04-06 12:00:27.332 WARN  o.s.b.a.o.j.JpaBaseConfiguration$JpaWebConfiguration - spring.jpa.open-in-view is enabled by default. Therefore, database queries may be performed during view rendering. Explicitly configure spring.jpa.open-in-view to disable this warning
2023-04-06 12:00:28.460 INFO  o.a.coyote.http11.Http11NioProtocol - Starting ProtocolHandler ["http-nio-8080"]
2023-04-06 12:00:28.480 INFO  o.s.b.w.e.tomcat.TomcatWebServer - Tomcat started on port(s): 8080 (http) with context path ''
2023-04-06 12:00:28.489 INFO  c.I.I.ImShibernateApplication - Started ImShibernateApplication in 5.218 seconds (process running for 5.757)
